{
  "RSpec": {
    "coverage": {
      "/Users/brianfranklin/Flatiron/code/tic-tac-toe-rb/lib/tic_tac_toe.rb": [
        null,
        1,
        null,
        null,
        null,
        null,
        null,
        null,
        null,
        null,
        null,
        1,
        25,
        25,
        25,
        25,
        25,
        null,
        null,
        1,
        24,
        null,
        null,
        1,
        23,
        null,
        null,
        1,
        631,
        137,
        494,
        494,
        null,
        null,
        null,
        1,
        24,
        21,
        null,
        3,
        null,
        null,
        null,
        1,
        21,
        21,
        21,
        21,
        20,
        20,
        20,
        null,
        1,
        null,
        null,
        null,
        1,
        22,
        22,
        198,
        32,
        null,
        null,
        22,
        null,
        null,
        1,
        21,
        14,
        null,
        7,
        null,
        null,
        null,
        1,
        49,
        302,
        null,
        null,
        null,
        1,
        38,
        112,
        null,
        null,
        null,
        1,
        21,
        null,
        null,
        1,
        22,
        null,
        null,
        1,
        7,
        6,
        null,
        null,
        null,
        1,
        12,
        18,
        null,
        12,
        5,
        5,
        7,
        3,
        null,
        null,
        null,
        null,
        null
      ]
    },
    "timestamp": 1598886688
  }
}
